Clawdbot Update Log - 20260117-185915
========================================
[2026-01-17 18:59:15] [INFO] Current branch: master
[2026-01-17 18:59:15] [INFO] Current commit: 55704036291d2a93f0e2c4cb657a50994685ccda
[2026-01-17 18:59:15] [INFO] Commits behind origin/main: 0
[2026-01-17 18:59:15] [INFO] Commits ahead of origin/main: 0
[2026-01-17 18:59:15] [WARN] There are uncommitted changes!
 .gitignore                                         |   4 +
 AGENTS.md                                          | 141 ++++
 INDEX.md                                           |   6 +-
 TOOLS.md                                           | 711 ++++++++-------------
 clawdbot-dashboard/app/page.tsx                    | 517 +++++++--------
 clawdbot-dashboard/components/ToastProvider.tsx    |  29 +-
 .../components/ui/empty-state-enhanced.tsx         |   8 +-
 clawdbot-dashboard/components/ui/skeleton.tsx      |  39 +-
 clawdbot-dashboard/components/ui/toast.tsx         |   4 -
 clawdbot-dashboard/lib/apiClient.ts                | 102 ++-
 clawdbot-dashboard/next.config.ts                  |   6 +-
 clawdbot-dashboard/package.json                    |   3 +-
 clawdbot-dashboard/pnpm-lock.yaml                  | 123 ++++
 clawdbot-dashboard/vitest.config.ts                |   6 -
 memory/THOUGHTS.md                                 | 551 +++++++++++++++-
 minecraft-server                                   |   0
 16 files changed, 1439 insertions(+), 811 deletions(-)
[2026-01-17 18:59:15] [INFO] Fetching latest from origin...
[2026-01-17 18:59:15] [INFO] Already up to date!
