Clawdbot Update Log - 20260117-171911
========================================
[2026-01-17 17:19:11] [INFO] [0;34mCurrent branch: master[0m
[2026-01-17 17:19:11] [INFO] [0;34mCurrent commit: 55704036291d2a93f0e2c4cb657a50994685ccda[0m
[2026-01-17 17:19:11] [INFO] [0;34mCommits behind origin/main: 0[0m
[2026-01-17 17:19:11] [INFO] [0;34mCommits ahead of origin/main: 0[0m
[2026-01-17 17:19:11] [WARN] [1;33mThere are uncommitted changes![0m
 AGENTS.md                                          |  70 +++
 INDEX.md                                           |   5 +-
 clawdbot-dashboard/app/page.tsx                    | 517 +++++++++----------
 clawdbot-dashboard/components/ToastProvider.tsx    |  29 +-
 .../components/ui/empty-state-enhanced.tsx         |   8 +-
 clawdbot-dashboard/components/ui/skeleton.tsx      |  39 +-
 clawdbot-dashboard/components/ui/toast.tsx         |   4 -
 clawdbot-dashboard/lib/apiClient.ts                | 102 ++--
 clawdbot-dashboard/next.config.ts                  |   6 +-
 clawdbot-dashboard/package.json                    |   3 +-
 clawdbot-dashboard/pnpm-lock.yaml                  | 123 +++++
 clawdbot-dashboard/vitest.config.ts                |   6 -
 memory/THOUGHTS.md                                 | 551 ++++++++++++++++++++-
 minecraft-server                                   |   0
 14 files changed, 1084 insertions(+), 379 deletions(-)
